<?xml version="1.0" encoding="UTF-8"?>
<testsuite name="Capstone.Petfinity.service.user.ParentServiceTest" tests="1" skipped="0" failures="0" errors="0" timestamp="2024-06-02T14:48:27" hostname="LAPTOP-5HE5BVPR" time="0.229">
  <properties/>
  <testcase name="회원가입()" classname="Capstone.Petfinity.service.user.ParentServiceTest" time="0.229"/>
  <system-out><![CDATA[2024-06-02T23:48:27.174+09:00  INFO 1816 --- [Petfinity] [    Test worker] t.c.s.AnnotationConfigContextLoaderUtils : Could not detect default configuration classes for test class [Capstone.Petfinity.service.user.ParentServiceTest]: ParentServiceTest does not declare any static, non-private, non-final, nested classes annotated with @Configuration.
2024-06-02T23:48:27.193+09:00  INFO 1816 --- [Petfinity] [    Test worker] .b.t.c.SpringBootTestContextBootstrapper : Found @SpringBootConfiguration Capstone.Petfinity.PetfinityApplication for test class Capstone.Petfinity.service.user.ParentServiceTest
encodedPw = $2a$10$zX4EnFw10Hw7FweRmutEOOnl1g4GWcP.fjCWpW6f.qlBX3Xeq42K2
2024-06-02T23:48:27.426+09:00  INFO 1816 --- [Petfinity] [    Test worker] p6spy                                    : #1717339707426 | took 0ms | rollback | connection 2| url jdbc:mysql://localhost:3306/petfinity

;
]]></system-out>
  <system-err><![CDATA[]]></system-err>
</testsuite>
