<?xml version="1.0" encoding="UTF-8"?>
<testsuite name="Capstone.Petfinity.service.user.ParentServiceTest" tests="1" skipped="0" failures="0" errors="0" timestamp="2024-05-24T10:04:05" hostname="MacBookAir.local" time="0.293">
  <properties/>
  <testcase name="회원가입()" classname="Capstone.Petfinity.service.user.ParentServiceTest" time="0.293"/>
  <system-out><![CDATA[2024-05-24T19:04:05.601+09:00  INFO 59574 --- [Petfinity] [    Test worker] t.c.s.AnnotationConfigContextLoaderUtils : Could not detect default configuration classes for test class [Capstone.Petfinity.service.user.ParentServiceTest]: ParentServiceTest does not declare any static, non-private, non-final, nested classes annotated with @Configuration.
2024-05-24T19:04:05.617+09:00  INFO 59574 --- [Petfinity] [    Test worker] .b.t.c.SpringBootTestContextBootstrapper : Found @SpringBootConfiguration Capstone.Petfinity.PetfinityApplication for test class Capstone.Petfinity.service.user.ParentServiceTest
encodedPw = $2a$10$6BdEpz7nALWiKblc6bNs3.4NmuKykAwO9hSGQeoUShxnf1omiQQ.e
2024-05-24T19:04:05.912+09:00  INFO 59574 --- [Petfinity] [    Test worker] p6spy                                    : #1716545045912 | took 0ms | rollback | connection 3| url jdbc:mysql://localhost:3306/petfinity

;
]]></system-out>
  <system-err><![CDATA[]]></system-err>
</testsuite>
