<?xml version="1.0" encoding="UTF-8"?>
<testsuite name="Capstone.Petfinity.service.user.ParentServiceTest" tests="1" skipped="0" failures="0" errors="0" timestamp="2024-05-28T15:01:43" hostname="LAPTOP-5HE5BVPR" time="0.273">
  <properties/>
  <testcase name="회원가입()" classname="Capstone.Petfinity.service.user.ParentServiceTest" time="0.273"/>
  <system-out><![CDATA[2024-05-29T00:01:43.564+09:00  INFO 21484 --- [Petfinity] [    Test worker] t.c.s.AnnotationConfigContextLoaderUtils : Could not detect default configuration classes for test class [Capstone.Petfinity.service.user.ParentServiceTest]: ParentServiceTest does not declare any static, non-private, non-final, nested classes annotated with @Configuration.
2024-05-29T00:01:43.586+09:00  INFO 21484 --- [Petfinity] [    Test worker] .b.t.c.SpringBootTestContextBootstrapper : Found @SpringBootConfiguration Capstone.Petfinity.PetfinityApplication for test class Capstone.Petfinity.service.user.ParentServiceTest
encodedPw = $2a$10$hBxAsEIm9lf9dyVxdKjq0u8HFY5I0RBoypv6HvKn7mx1cQVTAFwwS
2024-05-29T00:01:43.861+09:00  INFO 21484 --- [Petfinity] [    Test worker] p6spy                                    : #1716908503861 | took 0ms | rollback | connection 2| url jdbc:mysql://localhost:3306/petfinity

;
]]></system-out>
  <system-err><![CDATA[]]></system-err>
</testsuite>
