<?xml version="1.0" encoding="UTF-8"?>
<testsuite name="Capstone.Petfinity.service.user.ParentServiceTest" tests="1" skipped="0" failures="0" errors="0" timestamp="2024-05-24T06:56:54" hostname="MacBookAir.local" time="0.293">
  <properties/>
  <testcase name="회원가입()" classname="Capstone.Petfinity.service.user.ParentServiceTest" time="0.293"/>
  <system-out><![CDATA[2024-05-24T15:56:54.178+09:00  INFO 57015 --- [Petfinity] [    Test worker] t.c.s.AnnotationConfigContextLoaderUtils : Could not detect default configuration classes for test class [Capstone.Petfinity.service.user.ParentServiceTest]: ParentServiceTest does not declare any static, non-private, non-final, nested classes annotated with @Configuration.
2024-05-24T15:56:54.195+09:00  INFO 57015 --- [Petfinity] [    Test worker] .b.t.c.SpringBootTestContextBootstrapper : Found @SpringBootConfiguration Capstone.Petfinity.PetfinityApplication for test class Capstone.Petfinity.service.user.ParentServiceTest
encodedPw = $2a$10$nTqH2PKZsqql83GZlMSb9OAUa1dKIzg7QfQaC4VOwuterZGcucwMW
2024-05-24T15:56:54.490+09:00  INFO 57015 --- [Petfinity] [    Test worker] p6spy                                    : #1716533814490 | took 0ms | rollback | connection 4| url jdbc:mysql://localhost:3306/petfinity

;
]]></system-out>
  <system-err><![CDATA[]]></system-err>
</testsuite>
