<?xml version="1.0" encoding="UTF-8"?>
<testsuite name="Capstone.Petfinity.service.user.ParentServiceTest" tests="1" skipped="0" failures="0" errors="0" timestamp="2024-05-17T07:40:49" hostname="MacBookAir.local" time="0.175">
  <properties/>
  <testcase name="회원가입()" classname="Capstone.Petfinity.service.user.ParentServiceTest" time="0.175"/>
  <system-out><![CDATA[2024-05-17T16:40:49.575+09:00  INFO 32023 --- [Petfinity] [    Test worker] t.c.s.AnnotationConfigContextLoaderUtils : Could not detect default configuration classes for test class [Capstone.Petfinity.service.user.ParentServiceTest]: ParentServiceTest does not declare any static, non-private, non-final, nested classes annotated with @Configuration.
2024-05-17T16:40:49.580+09:00  INFO 32023 --- [Petfinity] [    Test worker] .b.t.c.SpringBootTestContextBootstrapper : Found @SpringBootConfiguration Capstone.Petfinity.PetfinityApplication for test class Capstone.Petfinity.service.user.ParentServiceTest
encodedPw = $2a$10$GfxmfHzs3Ole50yELvn1N.7ENwz6OKsAje0MI/1rx4/M3VJ5JneDm
2024-05-17T16:40:49.756+09:00  INFO 32023 --- [Petfinity] [    Test worker] p6spy                                    : #1715931649756 | took 0ms | rollback | connection 2| url jdbc:mysql://localhost:3306/petfinity

;
]]></system-out>
  <system-err><![CDATA[]]></system-err>
</testsuite>
