<?xml version="1.0" encoding="UTF-8"?>
<testsuite name="Capstone.Petfinity.AiApiTest" tests="1" skipped="0" failures="0" errors="0" timestamp="2024-05-27T11:36:08" hostname="MacBookAir.local" time="0.367">
  <properties/>
  <testcase name="testRequestToFlask()" classname="Capstone.Petfinity.AiApiTest" time="0.367"/>
  <system-out><![CDATA[20:35:58.714 [Test worker] INFO org.springframework.test.context.support.AnnotationConfigContextLoaderUtils -- Could not detect default configuration classes for test class [Capstone.Petfinity.AiApiTest]: AiApiTest does not declare any static, non-private, non-final, nested classes annotated with @Configuration.
20:35:58.978 [Test worker] INFO org.springframework.boot.test.context.SpringBootTestContextBootstrapper -- Found @SpringBootConfiguration Capstone.Petfinity.PetfinityApplication for test class Capstone.Petfinity.AiApiTest

  .   ____          _            __ _ _
 /\\ / ___'_ __ _ _(_)_ __  __ _ \ \ \ \
( ( )\___ | '_ | '_| | '_ \/ _` | \ \ \ \
 \\/  ___)| |_)| | | | | || (_| |  ) ) ) )
  '  |____| .__|_| |_|_| |_\__, | / / / /
 =========|_|==============|___/=/_/_/_/
 :: Spring Boot ::                (v3.2.4)

2024-05-27T20:35:59.807+09:00  INFO 71794 --- [Petfinity] [    Test worker] Capstone.Petfinity.AiApiTest             : Starting AiApiTest using Java 21.0.2 with PID 71794 (started by yezi.ce in /Users/yezi.ce/Documents/Petfinity)
2024-05-27T20:35:59.809+09:00  INFO 71794 --- [Petfinity] [    Test worker] Capstone.Petfinity.AiApiTest             : No active profile set, falling back to 1 default profile: "default"
2024-05-27T20:36:01.151+09:00  INFO 71794 --- [Petfinity] [    Test worker] .s.d.r.c.RepositoryConfigurationDelegate : Bootstrapping Spring Data JPA repositories in DEFAULT mode.
2024-05-27T20:36:01.200+09:00  INFO 71794 --- [Petfinity] [    Test worker] .s.d.r.c.RepositoryConfigurationDelegate : Finished Spring Data repository scanning in 35 ms. Found 0 JPA repository interfaces.
2024-05-27T20:36:02.114+09:00  INFO 71794 --- [Petfinity] [    Test worker] o.hibernate.jpa.internal.util.LogHelper  : HHH000204: Processing PersistenceUnitInfo [name: default]
2024-05-27T20:36:02.213+09:00  INFO 71794 --- [Petfinity] [    Test worker] org.hibernate.Version                    : HHH000412: Hibernate ORM core version 6.4.4.Final
2024-05-27T20:36:02.263+09:00  INFO 71794 --- [Petfinity] [    Test worker] o.h.c.internal.RegionFactoryInitiator    : HHH000026: Second-level cache disabled
2024-05-27T20:36:02.589+09:00  INFO 71794 --- [Petfinity] [    Test worker] o.s.o.j.p.SpringPersistenceUnitInfo      : No LoadTimeWeaver setup: ignoring JPA class transformer
2024-05-27T20:36:02.629+09:00  INFO 71794 --- [Petfinity] [    Test worker] com.zaxxer.hikari.HikariDataSource       : HikariPool-1 - Starting...
2024-05-27T20:36:03.295+09:00  INFO 71794 --- [Petfinity] [    Test worker] com.zaxxer.hikari.pool.HikariPool        : HikariPool-1 - Added connection com.mysql.cj.jdbc.ConnectionImpl@538e74fc
2024-05-27T20:36:03.298+09:00  INFO 71794 --- [Petfinity] [    Test worker] com.zaxxer.hikari.HikariDataSource       : HikariPool-1 - Start completed.
2024-05-27T20:36:05.106+09:00  INFO 71794 --- [Petfinity] [    Test worker] o.h.e.t.j.p.i.JtaPlatformInitiator       : HHH000489: No JTA platform available (set 'hibernate.transaction.jta.platform' to enable JTA platform integration)
2024-05-27T20:36:05.206+09:00  INFO 71794 --- [Petfinity] [    Test worker] p6spy                                    : #1716809765206 | took 4ms | statement | connection 1| url jdbc:mysql://localhost:3306/petfinity
select * from `petfinity`.`parent` where 1=0
select * from `petfinity`.`parent` where 1=0;
2024-05-27T20:36:05.223+09:00  INFO 71794 --- [Petfinity] [    Test worker] p6spy                                    : #1716809765223 | took 1ms | statement | connection 1| url jdbc:mysql://localhost:3306/petfinity
select * from `petfinity`.`hospital` where 1=0
select * from `petfinity`.`hospital` where 1=0;
2024-05-27T20:36:05.227+09:00  INFO 71794 --- [Petfinity] [    Test worker] p6spy                                    : #1716809765227 | took 0ms | statement | connection 1| url jdbc:mysql://localhost:3306/petfinity
select * from `petfinity`.`parent` where 1=0
select * from `petfinity`.`parent` where 1=0;
2024-05-27T20:36:05.238+09:00  INFO 71794 --- [Petfinity] [    Test worker] p6spy                                    : #1716809765238 | took 8ms | statement | connection 1| url jdbc:mysql://localhost:3306/petfinity
select * from `petfinity`.`pet` where 1=0
select * from `petfinity`.`pet` where 1=0;
2024-05-27T20:36:05.241+09:00  INFO 71794 --- [Petfinity] [    Test worker] j.LocalContainerEntityManagerFactoryBean : Initialized JPA EntityManagerFactory for persistence unit 'default'
2024-05-27T20:36:06.068+09:00  WARN 71794 --- [Petfinity] [    Test worker] JpaBaseConfiguration$JpaWebConfiguration : spring.jpa.open-in-view is enabled by default. Therefore, database queries may be performed during view rendering. Explicitly configure spring.jpa.open-in-view to disable this warning
2024-05-27T20:36:06.766+09:00  INFO 71794 --- [Petfinity] [    Test worker] Capstone.Petfinity.AiApiTest             : Started AiApiTest in 7.521 seconds (process running for 10.11)
Message from Flask server: Hello, World!
2024-05-27T20:36:08.677+09:00  INFO 71794 --- [Petfinity] [    Test worker] Capstone.Petfinity.api.AiApi             : Hello 확인
2024-05-27T20:36:08.707+09:00  INFO 71794 --- [Petfinity] [    Test worker] p6spy                                    : #1716809768707 | took 1ms | rollback | connection 2| url jdbc:mysql://localhost:3306/petfinity

;
]]></system-out>
  <system-err><![CDATA[WARNING: A Java agent has been loaded dynamically (/Users/yezi.ce/.gradle/caches/modules-2/files-2.1/net.bytebuddy/byte-buddy-agent/1.14.12/be4984cb6fd1ef1d11f218a648889dfda44b8a15/byte-buddy-agent-1.14.12.jar)
WARNING: If a serviceability tool is in use, please run with -XX:+EnableDynamicAgentLoading to hide this warning
WARNING: If a serviceability tool is not in use, please run with -Djdk.instrument.traceUsage for more information
WARNING: Dynamic loading of agents will be disallowed by default in a future release
]]></system-err>
</testsuite>
