<?xml version="1.0" encoding="UTF-8"?>
<testsuite name="Capstone.Petfinity.service.user.ParentServiceTest" tests="1" skipped="0" failures="0" errors="0" timestamp="2024-05-28T06:29:35" hostname="MacBookAir.local" time="0.297">
  <properties/>
  <testcase name="회원가입()" classname="Capstone.Petfinity.service.user.ParentServiceTest" time="0.297"/>
  <system-out><![CDATA[2024-05-28T15:29:35.654+09:00  INFO 76446 --- [Petfinity] [    Test worker] t.c.s.AnnotationConfigContextLoaderUtils : Could not detect default configuration classes for test class [Capstone.Petfinity.service.user.ParentServiceTest]: ParentServiceTest does not declare any static, non-private, non-final, nested classes annotated with @Configuration.
2024-05-28T15:29:35.672+09:00  INFO 76446 --- [Petfinity] [    Test worker] .b.t.c.SpringBootTestContextBootstrapper : Found @SpringBootConfiguration Capstone.Petfinity.PetfinityApplication for test class Capstone.Petfinity.service.user.ParentServiceTest
encodedPw = $2a$10$EQs6mZY.8hrx00tksjq/FehU9bJZ22Jr5zh/rTft/V7gJEGZbVlbu
2024-05-28T15:29:35.971+09:00  INFO 76446 --- [Petfinity] [    Test worker] p6spy                                    : #1716877775971 | took 0ms | rollback | connection 3| url jdbc:mysql://localhost:3306/petfinity

;
]]></system-out>
  <system-err><![CDATA[]]></system-err>
</testsuite>
