<?xml version="1.0" encoding="UTF-8"?>
<testsuite name="Capstone.Petfinity.AiApiTest" tests="1" skipped="0" failures="0" errors="0" timestamp="2024-05-27T12:50:45" hostname="MacBookAir.local" time="0.136">
  <properties/>
  <testcase name="testRequestToFlask()" classname="Capstone.Petfinity.AiApiTest" time="0.136"/>
  <system-out><![CDATA[21:50:42.913 [Test worker] INFO org.springframework.test.context.support.AnnotationConfigContextLoaderUtils -- Could not detect default configuration classes for test class [Capstone.Petfinity.AiApiTest]: AiApiTest does not declare any static, non-private, non-final, nested classes annotated with @Configuration.
21:50:42.976 [Test worker] INFO org.springframework.boot.test.context.SpringBootTestContextBootstrapper -- Found @SpringBootConfiguration Capstone.Petfinity.PetfinityApplication for test class Capstone.Petfinity.AiApiTest

  .   ____          _            __ _ _
 /\\ / ___'_ __ _ _(_)_ __  __ _ \ \ \ \
( ( )\___ | '_ | '_| | '_ \/ _` | \ \ \ \
 \\/  ___)| |_)| | | | | || (_| |  ) ) ) )
  '  |____| .__|_| |_|_| |_\__, | / / / /
 =========|_|==============|___/=/_/_/_/
 :: Spring Boot ::                (v3.2.4)

2024-05-27T21:50:43.194+09:00  INFO 72637 --- [Petfinity] [    Test worker] Capstone.Petfinity.AiApiTest             : Starting AiApiTest using Java 21.0.2 with PID 72637 (started by yezi.ce in /Users/yezi.ce/Documents/Petfinity)
2024-05-27T21:50:43.194+09:00  INFO 72637 --- [Petfinity] [    Test worker] Capstone.Petfinity.AiApiTest             : No active profile set, falling back to 1 default profile: "default"
2024-05-27T21:50:43.562+09:00  INFO 72637 --- [Petfinity] [    Test worker] .s.d.r.c.RepositoryConfigurationDelegate : Bootstrapping Spring Data JPA repositories in DEFAULT mode.
2024-05-27T21:50:43.579+09:00  INFO 72637 --- [Petfinity] [    Test worker] .s.d.r.c.RepositoryConfigurationDelegate : Finished Spring Data repository scanning in 12 ms. Found 0 JPA repository interfaces.
2024-05-27T21:50:43.893+09:00  INFO 72637 --- [Petfinity] [    Test worker] o.hibernate.jpa.internal.util.LogHelper  : HHH000204: Processing PersistenceUnitInfo [name: default]
2024-05-27T21:50:43.925+09:00  INFO 72637 --- [Petfinity] [    Test worker] org.hibernate.Version                    : HHH000412: Hibernate ORM core version 6.4.4.Final
2024-05-27T21:50:43.942+09:00  INFO 72637 --- [Petfinity] [    Test worker] o.h.c.internal.RegionFactoryInitiator    : HHH000026: Second-level cache disabled
2024-05-27T21:50:44.059+09:00  INFO 72637 --- [Petfinity] [    Test worker] o.s.o.j.p.SpringPersistenceUnitInfo      : No LoadTimeWeaver setup: ignoring JPA class transformer
2024-05-27T21:50:44.074+09:00  INFO 72637 --- [Petfinity] [    Test worker] com.zaxxer.hikari.HikariDataSource       : HikariPool-1 - Starting...
2024-05-27T21:50:44.316+09:00  INFO 72637 --- [Petfinity] [    Test worker] com.zaxxer.hikari.pool.HikariPool        : HikariPool-1 - Added connection com.mysql.cj.jdbc.ConnectionImpl@79295932
2024-05-27T21:50:44.317+09:00  INFO 72637 --- [Petfinity] [    Test worker] com.zaxxer.hikari.HikariDataSource       : HikariPool-1 - Start completed.
2024-05-27T21:50:44.947+09:00  INFO 72637 --- [Petfinity] [    Test worker] o.h.e.t.j.p.i.JtaPlatformInitiator       : HHH000489: No JTA platform available (set 'hibernate.transaction.jta.platform' to enable JTA platform integration)
2024-05-27T21:50:45.003+09:00  INFO 72637 --- [Petfinity] [    Test worker] p6spy                                    : #1716814245003 | took 1ms | statement | connection 1| url jdbc:mysql://localhost:3306/petfinity
select * from `petfinity`.`parent` where 1=0
select * from `petfinity`.`parent` where 1=0;
2024-05-27T21:50:45.017+09:00  INFO 72637 --- [Petfinity] [    Test worker] p6spy                                    : #1716814245017 | took 0ms | statement | connection 1| url jdbc:mysql://localhost:3306/petfinity
select * from `petfinity`.`hospital` where 1=0
select * from `petfinity`.`hospital` where 1=0;
2024-05-27T21:50:45.019+09:00  INFO 72637 --- [Petfinity] [    Test worker] p6spy                                    : #1716814245019 | took 0ms | statement | connection 1| url jdbc:mysql://localhost:3306/petfinity
select * from `petfinity`.`parent` where 1=0
select * from `petfinity`.`parent` where 1=0;
2024-05-27T21:50:45.021+09:00  INFO 72637 --- [Petfinity] [    Test worker] p6spy                                    : #1716814245021 | took 0ms | statement | connection 1| url jdbc:mysql://localhost:3306/petfinity
select * from `petfinity`.`pet` where 1=0
select * from `petfinity`.`pet` where 1=0;
2024-05-27T21:50:45.022+09:00  INFO 72637 --- [Petfinity] [    Test worker] j.LocalContainerEntityManagerFactoryBean : Initialized JPA EntityManagerFactory for persistence unit 'default'
2024-05-27T21:50:45.230+09:00  WARN 72637 --- [Petfinity] [    Test worker] JpaBaseConfiguration$JpaWebConfiguration : spring.jpa.open-in-view is enabled by default. Therefore, database queries may be performed during view rendering. Explicitly configure spring.jpa.open-in-view to disable this warning
2024-05-27T21:50:45.424+09:00  INFO 72637 --- [Petfinity] [    Test worker] Capstone.Petfinity.AiApiTest             : Started AiApiTest in 2.377 seconds (process running for 3.05)
Message from Flask server: Hello, World!
2024-05-27T21:50:46.068+09:00  INFO 72637 --- [Petfinity] [    Test worker] Capstone.Petfinity.api.AiApi             : Hello 확인
2024-05-27T21:50:46.078+09:00  INFO 72637 --- [Petfinity] [    Test worker] p6spy                                    : #1716814246078 | took 0ms | rollback | connection 2| url jdbc:mysql://localhost:3306/petfinity

;
]]></system-out>
  <system-err><![CDATA[WARNING: A Java agent has been loaded dynamically (/Users/yezi.ce/.gradle/caches/modules-2/files-2.1/net.bytebuddy/byte-buddy-agent/1.14.12/be4984cb6fd1ef1d11f218a648889dfda44b8a15/byte-buddy-agent-1.14.12.jar)
WARNING: If a serviceability tool is in use, please run with -XX:+EnableDynamicAgentLoading to hide this warning
WARNING: If a serviceability tool is not in use, please run with -Djdk.instrument.traceUsage for more information
WARNING: Dynamic loading of agents will be disallowed by default in a future release
]]></system-err>
</testsuite>
