<?xml version="1.0" encoding="UTF-8"?>
<testsuite name="Capstone.Petfinity.service.user.ParentServiceTest" tests="1" skipped="0" failures="0" errors="0" timestamp="2024-05-17T09:48:41" hostname="MacBookAir.local" time="0.175">
  <properties/>
  <testcase name="회원가입()" classname="Capstone.Petfinity.service.user.ParentServiceTest" time="0.175"/>
  <system-out><![CDATA[2024-05-17T18:48:41.040+09:00  INFO 33306 --- [Petfinity] [    Test worker] t.c.s.AnnotationConfigContextLoaderUtils : Could not detect default configuration classes for test class [Capstone.Petfinity.service.user.ParentServiceTest]: ParentServiceTest does not declare any static, non-private, non-final, nested classes annotated with @Configuration.
2024-05-17T18:48:41.045+09:00  INFO 33306 --- [Petfinity] [    Test worker] .b.t.c.SpringBootTestContextBootstrapper : Found @SpringBootConfiguration Capstone.Petfinity.PetfinityApplication for test class Capstone.Petfinity.service.user.ParentServiceTest
encodedPw = $2a$10$STOjsBZePFbwGU7iPD8f5O9QPtjgLmllgElsmbwCWaZ4LWpaCd83e
2024-05-17T18:48:41.223+09:00  INFO 33306 --- [Petfinity] [    Test worker] p6spy                                    : #1715939321223 | took 0ms | rollback | connection 2| url jdbc:mysql://localhost:3306/petfinity

;
]]></system-out>
  <system-err><![CDATA[]]></system-err>
</testsuite>
