<?xml version="1.0" encoding="UTF-8"?>
<testsuite name="Capstone.Petfinity.service.user.ParentServiceTest" tests="1" skipped="0" failures="0" errors="0" timestamp="2024-05-17T07:53:50" hostname="MacBookAir.local" time="0.2">
  <properties/>
  <testcase name="회원가입()" classname="Capstone.Petfinity.service.user.ParentServiceTest" time="0.2"/>
  <system-out><![CDATA[2024-05-17T16:53:50.688+09:00  INFO 32390 --- [Petfinity] [    Test worker] t.c.s.AnnotationConfigContextLoaderUtils : Could not detect default configuration classes for test class [Capstone.Petfinity.service.user.ParentServiceTest]: ParentServiceTest does not declare any static, non-private, non-final, nested classes annotated with @Configuration.
2024-05-17T16:53:50.694+09:00  INFO 32390 --- [Petfinity] [    Test worker] .b.t.c.SpringBootTestContextBootstrapper : Found @SpringBootConfiguration Capstone.Petfinity.PetfinityApplication for test class Capstone.Petfinity.service.user.ParentServiceTest
encodedPw = $2a$10$A.w/9BBSwPJh1oQtGtTge.s6btluIsnX2Z82NEMNPq5FZG6M0eN46
2024-05-17T16:53:50.894+09:00  INFO 32390 --- [Petfinity] [    Test worker] p6spy                                    : #1715932430894 | took 0ms | rollback | connection 2| url jdbc:mysql://localhost:3306/petfinity

;
]]></system-out>
  <system-err><![CDATA[]]></system-err>
</testsuite>
