<?xml version="1.0" encoding="UTF-8"?>
<testsuite name="Capstone.Petfinity.service.user.ParentServiceTest" tests="1" skipped="0" failures="0" errors="0" timestamp="2024-05-22T05:56:08" hostname="LAPTOP-5HE5BVPR" time="0.207">
  <properties/>
  <testcase name="회원가입()" classname="Capstone.Petfinity.service.user.ParentServiceTest" time="0.207"/>
  <system-out><![CDATA[2024-05-22T14:56:08.779+09:00  INFO 732 --- [Petfinity] [    Test worker] t.c.s.AnnotationConfigContextLoaderUtils : Could not detect default configuration classes for test class [Capstone.Petfinity.service.user.ParentServiceTest]: ParentServiceTest does not declare any static, non-private, non-final, nested classes annotated with @Configuration.
2024-05-22T14:56:08.791+09:00  INFO 732 --- [Petfinity] [    Test worker] .b.t.c.SpringBootTestContextBootstrapper : Found @SpringBootConfiguration Capstone.Petfinity.PetfinityApplication for test class Capstone.Petfinity.service.user.ParentServiceTest
encodedPw = $2a$10$EbkpElnXQo899XJd2MzQg.Np0qa8WYO5k.XEeY1piarWRy14.rjw2
2024-05-22T14:56:09.001+09:00  INFO 732 --- [Petfinity] [    Test worker] p6spy                                    : #1716357369001 | took 0ms | rollback | connection 2| url jdbc:mysql://localhost:3306/petfinity

;
]]></system-out>
  <system-err><![CDATA[]]></system-err>
</testsuite>
