<?xml version="1.0" encoding="UTF-8"?>
<testsuite name="Capstone.Petfinity.service.AesServiceTest" tests="1" skipped="0" failures="0" errors="0" timestamp="2024-05-31T05:53:14" hostname="MacBookAir.local" time="0.036">
  <properties/>
  <testcase name="aes()" classname="Capstone.Petfinity.service.AesServiceTest" time="0.036"/>
  <system-out><![CDATA[2024-05-31T14:53:14.198+09:00  INFO 96137 --- [Petfinity] [    Test worker] t.c.s.AnnotationConfigContextLoaderUtils : Could not detect default configuration classes for test class [Capstone.Petfinity.service.AesServiceTest]: AesServiceTest does not declare any static, non-private, non-final, nested classes annotated with @Configuration.
2024-05-31T14:53:14.205+09:00  INFO 96137 --- [Petfinity] [    Test worker] .b.t.c.SpringBootTestContextBootstrapper : Found @SpringBootConfiguration Capstone.Petfinity.PetfinityApplication for test class Capstone.Petfinity.service.AesServiceTest
result = Q6rv5quvlRoYzHz0IevUqQ==
decrypted = [B@723aa04
encrypted = Q6rv5quvlRoYzHz0IevUqQ==
decrypted = helloworld!
2024-05-31T14:53:14.241+09:00  INFO 96137 --- [Petfinity] [    Test worker] p6spy                                    : #1717134794241 | took 0ms | rollback | connection 2| url jdbc:mysql://localhost:3306/petfinity

;
]]></system-out>
  <system-err><![CDATA[]]></system-err>
</testsuite>
