<?xml version="1.0" encoding="UTF-8"?>
<testsuite name="Capstone.Petfinity.service.user.ParentServiceTest" tests="1" skipped="0" failures="0" errors="0" timestamp="2024-05-29T09:45:21" hostname="MacBookAir.local" time="0.332">
  <properties/>
  <testcase name="회원가입()" classname="Capstone.Petfinity.service.user.ParentServiceTest" time="0.332"/>
  <system-out><![CDATA[2024-05-29T18:45:21.384+09:00  INFO 84746 --- [Petfinity] [    Test worker] t.c.s.AnnotationConfigContextLoaderUtils : Could not detect default configuration classes for test class [Capstone.Petfinity.service.user.ParentServiceTest]: ParentServiceTest does not declare any static, non-private, non-final, nested classes annotated with @Configuration.
2024-05-29T18:45:21.391+09:00  INFO 84746 --- [Petfinity] [    Test worker] .b.t.c.SpringBootTestContextBootstrapper : Found @SpringBootConfiguration Capstone.Petfinity.PetfinityApplication for test class Capstone.Petfinity.service.user.ParentServiceTest
encodedPw = $2a$10$CLoeflbiAMcxDwe.oRUrCuv6VeUkDURs5276PIYny6Ja4am5.y87i
2024-05-29T18:45:21.724+09:00  INFO 84746 --- [Petfinity] [    Test worker] p6spy                                    : #1716975921724 | took 0ms | rollback | connection 2| url jdbc:mysql://localhost:3306/petfinity

;
]]></system-out>
  <system-err><![CDATA[]]></system-err>
</testsuite>
